{"C:\\Users\\gfacu\\Desktop\\Curso React\\desafio-frontend-modulo3\\src\\container\\login\\login.tsx": {"path":"C:\\Users\\gfacu\\Desktop\\Curso React\\desafio-frontend-modulo3\\src\\container\\login\\login.tsx","statementMap":{"0":{"start":{"line":14,"column":14},"end":{"line":68,"column":1}},"1":{"start":{"line":15,"column":30},"end":{"line":15,"column":42}},"2":{"start":{"line":16,"column":36},"end":{"line":16,"column":48}},"3":{"start":{"line":18,"column":38},"end":{"line":18,"column":61}},"4":{"start":{"line":21,"column":8},"end":{"line":21,"column":36}},"5":{"start":{"line":25,"column":8},"end":{"line":25,"column":33}},"6":{"start":{"line":28,"column":4},"end":{"line":67,"column":5}},"7":{"start":{"line":59,"column":47},"end":{"line":59,"column":68}}},"fnMap":{"0":{"name":"(anonymous_0)","decl":{"start":{"line":14,"column":14},"end":{"line":14,"column":15}},"loc":{"start":{"line":14,"column":20},"end":{"line":68,"column":1}},"line":14},"1":{"name":"handlePassword","decl":{"start":{"line":20,"column":13},"end":{"line":20,"column":27}},"loc":{"start":{"line":20,"column":68},"end":{"line":22,"column":5}},"line":20},"2":{"name":"handleEmail","decl":{"start":{"line":24,"column":13},"end":{"line":24,"column":24}},"loc":{"start":{"line":24,"column":65},"end":{"line":26,"column":5}},"line":24},"3":{"name":"(anonymous_3)","decl":{"start":{"line":59,"column":41},"end":{"line":59,"column":42}},"loc":{"start":{"line":59,"column":47},"end":{"line":59,"column":68}},"line":59}},"branchMap":{"0":{"loc":{"start":{"line":30,"column":14},"end":{"line":30,"column":45}},"type":"binary-expr","locations":[{"start":{"line":30,"column":14},"end":{"line":30,"column":19}},{"start":{"line":30,"column":23},"end":{"line":30,"column":45}}],"line":30}},"s":{"0":1,"1":27,"2":27,"3":27,"4":8,"5":15,"6":27,"7":2},"f":{"0":27,"1":8,"2":15,"3":2},"b":{"0":[27,1]},"_coverageSchema":"1a1c01bbd47fc00a2c39e90264f33305004495a9","hash":"0f9d634b2450fd58189b9bdec6d7093ddc62b51c"}
,"C:\\Users\\gfacu\\Desktop\\Curso React\\desafio-frontend-modulo3\\src\\container\\notAuthorized\\notAuthorized.tsx": {"path":"C:\\Users\\gfacu\\Desktop\\Curso React\\desafio-frontend-modulo3\\src\\container\\notAuthorized\\notAuthorized.tsx","statementMap":{"0":{"start":{"line":10,"column":22},"end":{"line":73,"column":1}},"1":{"start":{"line":11,"column":20},"end":{"line":11,"column":43}},"2":{"start":{"line":13,"column":19},"end":{"line":38,"column":5}},"3":{"start":{"line":14,"column":8},"end":{"line":37,"column":9}},"4":{"start":{"line":40,"column":21},"end":{"line":59,"column":5}},"5":{"start":{"line":41,"column":8},"end":{"line":58,"column":12}},"6":{"start":{"line":61,"column":4},"end":{"line":72,"column":5}}},"fnMap":{"0":{"name":"(anonymous_0)","decl":{"start":{"line":10,"column":22},"end":{"line":10,"column":23}},"loc":{"start":{"line":10,"column":28},"end":{"line":73,"column":1}},"line":10},"1":{"name":"(anonymous_1)","decl":{"start":{"line":13,"column":19},"end":{"line":13,"column":20}},"loc":{"start":{"line":13,"column":25},"end":{"line":38,"column":5}},"line":13},"2":{"name":"(anonymous_2)","decl":{"start":{"line":40,"column":21},"end":{"line":40,"column":22}},"loc":{"start":{"line":40,"column":27},"end":{"line":59,"column":5}},"line":40}},"branchMap":{"0":{"loc":{"start":{"line":66,"column":25},"end":{"line":66,"column":48}},"type":"binary-expr","locations":[{"start":{"line":66,"column":25},"end":{"line":66,"column":31}},{"start":{"line":66,"column":35},"end":{"line":66,"column":48}}],"line":66},"1":{"loc":{"start":{"line":67,"column":25},"end":{"line":67,"column":44}},"type":"binary-expr","locations":[{"start":{"line":67,"column":25},"end":{"line":67,"column":30}},{"start":{"line":67,"column":34},"end":{"line":67,"column":44}}],"line":67}},"s":{"0":1,"1":3,"2":2,"3":2,"4":2,"5":1,"6":2},"f":{"0":3,"1":2,"2":1},"b":{"0":[2,1],"1":[2,1]},"_coverageSchema":"1a1c01bbd47fc00a2c39e90264f33305004495a9","hash":"fcb9d41937f44ce26d01f3736accb9f8fc5f6422"}
,"C:\\Users\\gfacu\\Desktop\\Curso React\\desafio-frontend-modulo3\\src\\container\\notFound\\notFound.tsx": {"path":"C:\\Users\\gfacu\\Desktop\\Curso React\\desafio-frontend-modulo3\\src\\container\\notFound\\notFound.tsx","statementMap":{"0":{"start":{"line":12,"column":17},"end":{"line":72,"column":1}},"1":{"start":{"line":13,"column":20},"end":{"line":13,"column":43}},"2":{"start":{"line":15,"column":26},"end":{"line":32,"column":5}},"3":{"start":{"line":16,"column":8},"end":{"line":31,"column":9}},"4":{"start":{"line":34,"column":23},"end":{"line":50,"column":5}},"5":{"start":{"line":35,"column":8},"end":{"line":49,"column":9}},"6":{"start":{"line":53,"column":4},"end":{"line":71,"column":5}}},"fnMap":{"0":{"name":"(anonymous_0)","decl":{"start":{"line":12,"column":17},"end":{"line":12,"column":18}},"loc":{"start":{"line":12,"column":23},"end":{"line":72,"column":1}},"line":12},"1":{"name":"(anonymous_1)","decl":{"start":{"line":15,"column":26},"end":{"line":15,"column":27}},"loc":{"start":{"line":15,"column":32},"end":{"line":32,"column":5}},"line":15},"2":{"name":"(anonymous_2)","decl":{"start":{"line":34,"column":23},"end":{"line":34,"column":24}},"loc":{"start":{"line":34,"column":29},"end":{"line":50,"column":5}},"line":34}},"branchMap":{"0":{"loc":{"start":{"line":65,"column":25},"end":{"line":65,"column":52}},"type":"binary-expr","locations":[{"start":{"line":65,"column":25},"end":{"line":65,"column":31}},{"start":{"line":65,"column":35},"end":{"line":65,"column":52}}],"line":65},"1":{"loc":{"start":{"line":66,"column":25},"end":{"line":66,"column":48}},"type":"binary-expr","locations":[{"start":{"line":66,"column":25},"end":{"line":66,"column":30}},{"start":{"line":66,"column":34},"end":{"line":66,"column":48}}],"line":66}},"s":{"0":1,"1":2,"2":2,"3":1,"4":2,"5":1,"6":2},"f":{"0":2,"1":1,"2":1},"b":{"0":[2,1],"1":[2,1]},"_coverageSchema":"1a1c01bbd47fc00a2c39e90264f33305004495a9","hash":"3bbeb8f100a67b7b5b0e129913085e791e44d108"}
,"C:\\Users\\gfacu\\Desktop\\Curso React\\desafio-frontend-modulo3\\src\\container\\todos\\todos.tsx": {"path":"C:\\Users\\gfacu\\Desktop\\Curso React\\desafio-frontend-modulo3\\src\\container\\todos\\todos.tsx","statementMap":{"0":{"start":{"line":12,"column":13},"end":{"line":121,"column":1}},"1":{"start":{"line":13,"column":30},"end":{"line":13,"column":62}},"2":{"start":{"line":14,"column":28},"end":{"line":14,"column":40}},"3":{"start":{"line":15,"column":35},"end":{"line":15,"column":50}},"4":{"start":{"line":16,"column":21},"end":{"line":16,"column":44}},"5":{"start":{"line":18,"column":4},"end":{"line":33,"column":9}},"6":{"start":{"line":19,"column":21},"end":{"line":19,"column":25}},"7":{"start":{"line":20,"column":37},"end":{"line":20,"column":39}},"8":{"start":{"line":22,"column":12},"end":{"line":22,"column":37}},"9":{"start":{"line":23,"column":12},"end":{"line":26,"column":13}},"10":{"start":{"line":24,"column":16},"end":{"line":24,"column":32}},"11":{"start":{"line":25,"column":16},"end":{"line":25,"column":34}},"12":{"start":{"line":28,"column":8},"end":{"line":28,"column":20}},"13":{"start":{"line":29,"column":8},"end":{"line":31,"column":9}},"14":{"start":{"line":30,"column":12},"end":{"line":30,"column":26}},"15":{"start":{"line":36,"column":8},"end":{"line":36,"column":32}},"16":{"start":{"line":39,"column":4},"end":{"line":120,"column":5}},"17":{"start":{"line":51,"column":102},"end":{"line":55,"column":83}},"18":{"start":{"line":55,"column":50},"end":{"line":55,"column":69}},"19":{"start":{"line":55,"column":70},"end":{"line":55,"column":81}},"20":{"start":{"line":64,"column":92},"end":{"line":64,"column":100}},"21":{"start":{"line":73,"column":24},"end":{"line":100,"column":44}},"22":{"start":{"line":87,"column":51},"end":{"line":87,"column":116}},"23":{"start":{"line":87,"column":97},"end":{"line":87,"column":115}},"24":{"start":{"line":93,"column":51},"end":{"line":93,"column":113}},"25":{"start":{"line":93,"column":94},"end":{"line":93,"column":112}}},"fnMap":{"0":{"name":"(anonymous_0)","decl":{"start":{"line":12,"column":13},"end":{"line":12,"column":14}},"loc":{"start":{"line":12,"column":19},"end":{"line":121,"column":1}},"line":12},"1":{"name":"(anonymous_1)","decl":{"start":{"line":18,"column":14},"end":{"line":18,"column":15}},"loc":{"start":{"line":18,"column":20},"end":{"line":33,"column":5}},"line":18},"2":{"name":"fetchData","decl":{"start":{"line":21,"column":23},"end":{"line":21,"column":32}},"loc":{"start":{"line":21,"column":35},"end":{"line":27,"column":9}},"line":21},"3":{"name":"(anonymous_3)","decl":{"start":{"line":29,"column":15},"end":{"line":29,"column":16}},"loc":{"start":{"line":29,"column":21},"end":{"line":31,"column":9}},"line":29},"4":{"name":"handleText","decl":{"start":{"line":35,"column":13},"end":{"line":35,"column":23}},"loc":{"start":{"line":35,"column":64},"end":{"line":37,"column":5}},"line":35},"5":{"name":"(anonymous_5)","decl":{"start":{"line":51,"column":95},"end":{"line":51,"column":96}},"loc":{"start":{"line":51,"column":102},"end":{"line":55,"column":83}},"line":51},"6":{"name":"(anonymous_6)","decl":{"start":{"line":55,"column":35},"end":{"line":55,"column":36}},"loc":{"start":{"line":55,"column":49},"end":{"line":55,"column":82}},"line":55},"7":{"name":"(anonymous_7)","decl":{"start":{"line":64,"column":86},"end":{"line":64,"column":87}},"loc":{"start":{"line":64,"column":92},"end":{"line":64,"column":100}},"line":64},"8":{"name":"(anonymous_8)","decl":{"start":{"line":72,"column":51},"end":{"line":72,"column":52}},"loc":{"start":{"line":73,"column":24},"end":{"line":100,"column":44}},"line":73},"9":{"name":"(anonymous_9)","decl":{"start":{"line":87,"column":45},"end":{"line":87,"column":46}},"loc":{"start":{"line":87,"column":51},"end":{"line":87,"column":116}},"line":87},"10":{"name":"(anonymous_10)","decl":{"start":{"line":87,"column":83},"end":{"line":87,"column":84}},"loc":{"start":{"line":87,"column":97},"end":{"line":87,"column":115}},"line":87},"11":{"name":"(anonymous_11)","decl":{"start":{"line":93,"column":45},"end":{"line":93,"column":46}},"loc":{"start":{"line":93,"column":51},"end":{"line":93,"column":113}},"line":93},"12":{"name":"(anonymous_12)","decl":{"start":{"line":93,"column":80},"end":{"line":93,"column":81}},"loc":{"start":{"line":93,"column":94},"end":{"line":93,"column":112}},"line":93}},"branchMap":{"0":{"loc":{"start":{"line":23,"column":12},"end":{"line":26,"column":13}},"type":"if","locations":[{"start":{"line":23,"column":12},"end":{"line":26,"column":13}},{"start":{},"end":{}}],"line":23},"1":{"loc":{"start":{"line":70,"column":13},"end":{"line":102,"column":23}},"type":"binary-expr","locations":[{"start":{"line":70,"column":13},"end":{"line":70,"column":29}},{"start":{"line":70,"column":33},"end":{"line":70,"column":40}},{"start":{"line":71,"column":16},"end":{"line":102,"column":23}}],"line":70},"2":{"loc":{"start":{"line":72,"column":21},"end":{"line":101,"column":22}},"type":"binary-expr","locations":[{"start":{"line":72,"column":21},"end":{"line":72,"column":37}},{"start":{"line":72,"column":41},"end":{"line":101,"column":22}}],"line":72},"3":{"loc":{"start":{"line":75,"column":66},"end":{"line":75,"column":115}},"type":"cond-expr","locations":[{"start":{"line":75,"column":96},"end":{"line":75,"column":110}},{"start":{"line":75,"column":113},"end":{"line":75,"column":115}}],"line":75},"4":{"loc":{"start":{"line":96,"column":41},"end":{"line":96,"column":101}},"type":"cond-expr","locations":[{"start":{"line":96,"column":71},"end":{"line":96,"column":86}},{"start":{"line":96,"column":89},"end":{"line":96,"column":101}}],"line":96},"5":{"loc":{"start":{"line":104,"column":14},"end":{"line":117,"column":29}},"type":"binary-expr","locations":[{"start":{"line":104,"column":14},"end":{"line":104,"column":32}},{"start":{"line":104,"column":36},"end":{"line":104,"column":43}},{"start":{"line":105,"column":16},"end":{"line":117,"column":29}}],"line":104}},"s":{"0":1,"1":78,"2":77,"3":77,"4":77,"5":77,"6":5,"7":5,"8":5,"9":5,"10":5,"11":5,"12":5,"13":5,"14":5,"15":59,"16":77,"17":1,"18":1,"19":1,"20":1,"21":3,"22":1,"23":1,"24":0,"25":0},"f":{"0":78,"1":5,"2":5,"3":5,"4":59,"5":1,"6":1,"7":1,"8":3,"9":1,"10":1,"11":0,"12":0},"b":{"0":[5,0],"1":[77,4,3],"2":[3,3],"3":[3,0],"4":[3,0],"5":[77,73,64]},"_coverageSchema":"1a1c01bbd47fc00a2c39e90264f33305004495a9","hash":"fe85fa8d6687eba713b136cc5a65ca3004bdc84f"}
}
