TN:
SF:src\container\login\login.tsx
FN:14,(anonymous_0)
FN:20,handlePassword
FN:24,handleEmail
FN:59,(anonymous_3)
FNF:4
FNH:4
FNDA:27,(anonymous_0)
FNDA:8,handlePassword
FNDA:15,handleEmail
FNDA:1,(anonymous_3)
DA:14,1
DA:15,27
DA:16,27
DA:18,27
DA:21,8
DA:25,15
DA:28,27
DA:59,1
LF:8
LH:8
BRDA:30,0,0,27
BRDA:30,0,1,1
BRF:2
BRH:2
end_of_record
TN:
SF:src\container\notAuthorized\notAuthorized.tsx
FN:10,(anonymous_0)
FN:13,(anonymous_1)
FN:40,(anonymous_2)
FNF:3
FNH:3
FNDA:3,(anonymous_0)
FNDA:2,(anonymous_1)
FNDA:1,(anonymous_2)
DA:10,1
DA:11,3
DA:13,2
DA:14,2
DA:40,2
DA:41,1
DA:61,2
LF:7
LH:7
BRDA:66,0,0,2
BRDA:66,0,1,1
BRDA:67,1,0,2
BRDA:67,1,1,1
BRF:4
BRH:4
end_of_record
TN:
SF:src\container\notFound\notFound.tsx
FN:12,(anonymous_0)
FN:15,(anonymous_1)
FN:34,(anonymous_2)
FNF:3
FNH:3
FNDA:2,(anonymous_0)
FNDA:1,(anonymous_1)
FNDA:1,(anonymous_2)
DA:12,1
DA:13,2
DA:15,2
DA:16,1
DA:34,2
DA:35,1
DA:53,2
LF:7
LH:7
BRDA:65,0,0,2
BRDA:65,0,1,1
BRDA:66,1,0,2
BRDA:66,1,1,1
BRF:4
BRH:4
end_of_record
TN:
SF:src\container\todos\todos.tsx
FN:12,(anonymous_0)
FN:18,(anonymous_1)
FN:21,fetchData
FN:29,(anonymous_3)
FN:35,handleText
FN:52,(anonymous_5)
FN:56,(anonymous_6)
FN:65,(anonymous_7)
FN:73,(anonymous_8)
FN:88,(anonymous_9)
FN:88,(anonymous_10)
FN:94,(anonymous_11)
FN:94,(anonymous_12)
FNF:13
FNH:13
FNDA:49,(anonymous_0)
FNDA:7,(anonymous_1)
FNDA:7,fetchData
FNDA:7,(anonymous_3)
FNDA:25,handleText
FNDA:1,(anonymous_5)
FNDA:1,(anonymous_6)
FNDA:1,(anonymous_7)
FNDA:5,(anonymous_8)
FNDA:1,(anonymous_9)
FNDA:1,(anonymous_10)
FNDA:1,(anonymous_11)
FNDA:1,(anonymous_12)
DA:12,2
DA:13,49
DA:14,48
DA:15,48
DA:16,48
DA:18,48
DA:19,7
DA:20,7
DA:22,7
DA:23,6
DA:24,6
DA:25,6
DA:28,7
DA:29,7
DA:30,7
DA:36,25
DA:39,48
DA:52,1
DA:56,1
DA:65,1
DA:74,5
DA:88,1
DA:94,1
LF:23
LH:23
BRDA:23,0,0,6
BRDA:23,0,1,0
BRDA:41,1,0,48
BRDA:41,1,1,44
BRDA:71,2,0,48
BRDA:71,2,1,7
BRDA:71,2,2,5
BRDA:73,3,0,5
BRDA:73,3,1,5
BRDA:76,4,0,4
BRDA:76,4,1,1
BRDA:97,5,0,4
BRDA:97,5,1,1
BRDA:105,6,0,48
BRDA:105,6,1,41
BRDA:105,6,2,30
BRF:16
BRH:15
end_of_record
