TN:
SF:src\container\login\login.tsx
FN:14,(anonymous_0)
FN:20,handlePassword
FN:24,handleEmail
FN:59,(anonymous_3)
FNF:4
FNH:4
FNDA:27,(anonymous_0)
FNDA:8,handlePassword
FNDA:15,handleEmail
FNDA:2,(anonymous_3)
DA:14,1
DA:15,27
DA:16,27
DA:18,27
DA:21,8
DA:25,15
DA:28,27
DA:59,2
LF:8
LH:8
BRDA:30,0,0,27
BRDA:30,0,1,1
BRF:2
BRH:2
end_of_record
TN:
SF:src\container\notAuthorized\notAuthorized.tsx
FN:10,(anonymous_0)
FN:13,(anonymous_1)
FN:40,(anonymous_2)
FNF:3
FNH:3
FNDA:3,(anonymous_0)
FNDA:2,(anonymous_1)
FNDA:1,(anonymous_2)
DA:10,1
DA:11,3
DA:13,2
DA:14,2
DA:40,2
DA:41,1
DA:61,2
LF:7
LH:7
BRDA:66,0,0,2
BRDA:66,0,1,1
BRDA:67,1,0,2
BRDA:67,1,1,1
BRF:4
BRH:4
end_of_record
TN:
SF:src\container\notFound\notFound.tsx
FN:12,(anonymous_0)
FN:15,(anonymous_1)
FN:34,(anonymous_2)
FNF:3
FNH:3
FNDA:2,(anonymous_0)
FNDA:1,(anonymous_1)
FNDA:1,(anonymous_2)
DA:12,1
DA:13,2
DA:15,2
DA:16,1
DA:34,2
DA:35,1
DA:53,2
LF:7
LH:7
BRDA:65,0,0,2
BRDA:65,0,1,1
BRDA:66,1,0,2
BRDA:66,1,1,1
BRF:4
BRH:4
end_of_record
TN:
SF:src\container\todos\todos.tsx
FN:12,(anonymous_0)
FN:18,(anonymous_1)
FN:21,fetchData
FN:29,(anonymous_3)
FN:35,handleText
FN:51,(anonymous_5)
FN:55,(anonymous_6)
FN:64,(anonymous_7)
FN:72,(anonymous_8)
FN:87,(anonymous_9)
FN:87,(anonymous_10)
FN:93,(anonymous_11)
FN:93,(anonymous_12)
FNF:13
FNH:11
FNDA:78,(anonymous_0)
FNDA:5,(anonymous_1)
FNDA:5,fetchData
FNDA:5,(anonymous_3)
FNDA:59,handleText
FNDA:1,(anonymous_5)
FNDA:1,(anonymous_6)
FNDA:1,(anonymous_7)
FNDA:3,(anonymous_8)
FNDA:1,(anonymous_9)
FNDA:1,(anonymous_10)
FNDA:0,(anonymous_11)
FNDA:0,(anonymous_12)
DA:12,1
DA:13,78
DA:14,77
DA:15,77
DA:16,77
DA:18,77
DA:19,5
DA:20,5
DA:22,5
DA:23,5
DA:24,5
DA:25,5
DA:28,5
DA:29,5
DA:30,5
DA:36,59
DA:39,77
DA:51,1
DA:55,1
DA:64,1
DA:73,3
DA:87,1
DA:93,0
LF:23
LH:22
BRDA:23,0,0,5
BRDA:23,0,1,0
BRDA:70,1,0,77
BRDA:70,1,1,4
BRDA:70,1,2,3
BRDA:72,2,0,3
BRDA:72,2,1,3
BRDA:75,3,0,3
BRDA:75,3,1,0
BRDA:96,4,0,3
BRDA:96,4,1,0
BRDA:104,5,0,77
BRDA:104,5,1,73
BRDA:104,5,2,64
BRF:14
BRH:11
end_of_record
